device=cuda seeds=[0, 1, 2]
exp10 sphere eikonal_only seed0: betti=(5, 117, 16) ok=False cham=0.19227 topo=0.0ms/it (23s)
exp10 sphere smooth_null seed0: betti=(4, 57, 7) ok=False cham=0.18584 topo=0.1ms/it (57s)
exp10 sphere vector_match seed0: betti=(75282, 96868, 13) ok=False cham=0.25962 topo=2.7ms/it (90s)
exp10 sphere ph_loss seed0: betti=(1, 0, 0) ok=True cham=0.17481 topo=661.0ms/it (1005s)
exp10 sphere eikonal_only seed1: betti=(9, 210, 5) ok=False cham=0.15292 topo=0.0ms/it (19s)
exp10 sphere smooth_null seed1: betti=(16, 91, 5) ok=False cham=0.14893 topo=0.1ms/it (56s)
exp10 sphere vector_match seed1: betti=(3, 2, 0) ok=False cham=0.13666 topo=2.7ms/it (88s)
exp10 sphere ph_loss seed1: betti=(1, 0, 0) ok=True cham=0.16726 topo=651.3ms/it (990s)
exp10 sphere eikonal_only seed2: betti=(6, 129, 7) ok=False cham=0.15645 topo=0.0ms/it (19s)
exp10 sphere smooth_null seed2: betti=(8, 79, 3) ok=False cham=0.15969 topo=0.1ms/it (56s)
exp10 sphere vector_match seed2: betti=(74925, 94798, 12) ok=False cham=0.25475 topo=2.6ms/it (88s)
exp10 sphere ph_loss seed2: betti=(1, 0, 0) ok=True cham=0.18170 topo=658.8ms/it (1001s)
exp10 torus eikonal_only seed0: betti=(5, 162, 4) ok=False cham=0.19202 topo=0.0ms/it (19s)
exp10 torus smooth_null seed0: betti=(2, 84, 1) ok=False cham=0.21229 topo=0.1ms/it (56s)
exp10 torus vector_match seed0: betti=(74543, 93416, 15) ok=False cham=0.25427 topo=2.6ms/it (88s)
exp10 torus ph_loss seed0: betti=(1, 1, 0) ok=True cham=0.26350 topo=657.1ms/it (999s)
exp10 torus eikonal_only seed1: betti=(8, 151, 2) ok=False cham=0.21388 topo=0.0ms/it (19s)
exp10 torus smooth_null seed1: betti=(5, 44, 2) ok=False cham=0.21506 topo=0.1ms/it (57s)
exp10 torus vector_match seed1: betti=(9, 4925, 67536) ok=False cham=0.25870 topo=2.6ms/it (89s)
exp10 torus ph_loss seed1: betti=(1, 2, 0) ok=False cham=0.18043 topo=657.1ms/it (999s)
exp10 torus eikonal_only seed2: betti=(6, 199, 2) ok=False cham=0.18843 topo=0.0ms/it (19s)
exp10 torus smooth_null seed2: betti=(2, 79, 3) ok=False cham=0.18883 topo=0.1ms/it (56s)
exp10 torus vector_match seed2: betti=(18, 5426, 71004) ok=False cham=0.26079 topo=2.7ms/it (88s)
exp10 torus ph_loss seed2: betti=(1, 2, 0) ok=False cham=0.26023 topo=654.9ms/it (996s)
exp10 genus2 eikonal_only seed0: betti=(4, 180, 3) ok=False cham=0.24061 topo=0.0ms/it (19s)
exp10 genus2 smooth_null seed0: betti=(5, 95, 2) ok=False cham=0.25185 topo=0.1ms/it (56s)
exp10 genus2 vector_match seed0: betti=(74486, 91392, 17) ok=False cham=0.29156 topo=2.7ms/it (88s)
exp10 genus2 ph_loss seed0: betti=(1, 5, 0) ok=False cham=0.43839 topo=651.9ms/it (992s)
exp10 genus2 eikonal_only seed1: betti=(3, 177, 2) ok=False cham=0.26010 topo=0.0ms/it (19s)
exp10 genus2 smooth_null seed1: betti=(1, 83, 2) ok=False cham=0.27951 topo=0.1ms/it (56s)
exp10 genus2 vector_match seed1: betti=(74436, 92426, 6) ok=False cham=0.30413 topo=2.7ms/it (89s)
exp10 genus2 ph_loss seed1: betti=(2, 4, 0) ok=False cham=0.37770 topo=647.6ms/it (985s)
exp10 genus2 eikonal_only seed2: betti=(8, 159, 7) ok=False cham=0.24383 topo=0.0ms/it (19s)
exp10 genus2 smooth_null seed2: betti=(8, 97, 3) ok=False cham=0.24843 topo=0.1ms/it (56s)
exp10 genus2 vector_match seed2: betti=(28869, 31893, 31) ok=False cham=0.28749 topo=2.7ms/it (89s)
exp10 genus2 ph_loss seed2: betti=(1, 1, 0) ok=False cham=0.29488 topo=648.6ms/it (986s)
PHASE3 SUITE DONE
