device=cuda seeds=[0, 1, 2]
exp10 sphere eikonal_only seed0: betti=(23, 389, 11) ok=False cham=0.20858 topo=0.0ms/it (35s)
exp10 sphere smooth_null seed0: betti=(10, 264, 19) ok=False cham=0.18445 topo=0.2ms/it (85s)
exp10 sphere vector_match seed0: betti=(19, 5678, 74300) ok=False cham=0.25943 topo=4.0ms/it (129s)
exp10 sphere ph_loss seed0: betti=(1, 0, 1) ok=False cham=0.12941 topo=976.9ms/it (1485s)
exp10 sphere eikonal_only seed1: betti=(27, 409, 10) ok=False cham=0.19582 topo=0.0ms/it (30s)
exp10 sphere smooth_null seed1: betti=(14, 276, 17) ok=False cham=0.17065 topo=0.2ms/it (85s)
exp10 sphere vector_match seed1: betti=(13, 5540, 73619) ok=False cham=0.25769 topo=4.0ms/it (130s)
exp10 sphere ph_loss seed1: betti=(10, 17, 0) ok=False cham=0.08807 topo=950.5ms/it (1445s)
exp10 sphere eikonal_only seed2: betti=(20, 434, 19) ok=False cham=0.21562 topo=0.0ms/it (30s)
exp10 sphere smooth_null seed2: betti=(8, 338, 16) ok=False cham=0.17836 topo=0.2ms/it (85s)
exp10 sphere vector_match seed2: betti=(74614, 90326, 8) ok=False cham=0.25666 topo=4.0ms/it (130s)
exp10 sphere ph_loss seed2: betti=(6, 24, 2) ok=False cham=0.11912 topo=890.4ms/it (1353s)
exp10 torus eikonal_only seed0: betti=(13, 373, 13) ok=False cham=0.23124 topo=0.0ms/it (20s)
exp10 torus smooth_null seed0: betti=(16, 311, 10) ok=False cham=0.19950 topo=0.1ms/it (61s)
exp10 torus vector_match seed0: betti=(12, 5685, 74957) ok=False cham=0.26035 topo=2.7ms/it (95s)
exp10 torus ph_loss seed0: betti=(1, 3, 1) ok=False cham=0.18346 topo=677.7ms/it (1030s)
exp10 torus eikonal_only seed1: betti=(10, 428, 20) ok=False cham=0.21761 topo=0.0ms/it (19s)
exp10 torus smooth_null seed1: betti=(4, 301, 9) ok=False cham=0.21433 topo=0.1ms/it (62s)
exp10 torus vector_match seed1: betti=(65874, 86204, 19) ok=False cham=0.26471 topo=2.7ms/it (96s)
exp10 torus ph_loss seed1: betti=(5, 33, 5) ok=False cham=0.18670 topo=672.7ms/it (1022s)
exp10 torus eikonal_only seed2: betti=(19, 399, 10) ok=False cham=0.22222 topo=0.0ms/it (20s)
exp10 torus smooth_null seed2: betti=(9, 271, 11) ok=False cham=0.19850 topo=0.1ms/it (61s)
exp10 torus vector_match seed2: betti=(14, 5784, 75102) ok=False cham=0.26209 topo=2.7ms/it (97s)
exp10 torus ph_loss seed2: betti=(7, 25, 1) ok=False cham=0.19885 topo=680.9ms/it (1035s)
exp10 genus2 eikonal_only seed0: betti=(11, 381, 6) ok=False cham=0.28827 topo=0.0ms/it (20s)
exp10 genus2 smooth_null seed0: betti=(6, 292, 17) ok=False cham=0.26265 topo=0.1ms/it (62s)
exp10 genus2 vector_match seed0: betti=(74943, 93378, 16) ok=False cham=0.31308 topo=2.7ms/it (96s)
exp10 genus2 ph_loss seed0: betti=(4, 36, 2) ok=False cham=0.24736 topo=670.1ms/it (1019s)
exp10 genus2 eikonal_only seed1: betti=(22, 394, 7) ok=False cham=0.27528 topo=0.0ms/it (20s)
exp10 genus2 smooth_null seed1: betti=(6, 322, 11) ok=False cham=0.24178 topo=0.1ms/it (61s)
exp10 genus2 vector_match seed1: betti=(75057, 93141, 12) ok=False cham=0.29306 topo=2.7ms/it (95s)
exp10 genus2 ph_loss seed1: betti=(3, 7, 0) ok=False cham=0.22134 topo=673.9ms/it (1024s)
exp10 genus2 eikonal_only seed2: betti=(10, 455, 17) ok=False cham=0.27251 topo=0.0ms/it (20s)
exp10 genus2 smooth_null seed2: betti=(13, 279, 4) ok=False cham=0.26960 topo=0.1ms/it (62s)
exp10 genus2 vector_match seed2: betti=(75675, 96217, 10) ok=False cham=0.30073 topo=2.9ms/it (99s)
exp10 genus2 ph_loss seed2: betti=(2, 3, 0) ok=False cham=0.24840 topo=681.0ms/it (1035s)
PHASE3 SUITE DONE
