device=cpu threads=4 seeds=[0, 1, 2] iters=3000/2000/1000
exp1_1d pemlp_mse seed0: psnr=70.68 (131s)
exp1_1d pemlp_ffl seed0: psnr=69.49 (265s)
exp1_1d pemlp_sobolev seed0: psnr=70.10 (329s)
exp1_1d pemlp_kacrice seed0: psnr=70.32 (344s)
exp1_1d siren_mse seed0: psnr=94.62 (184s)
exp1_1d finer_mse seed0: psnr=83.63 (192s)
exp1_1d pemlp_mse seed1: psnr=70.50 (142s)
exp1_1d pemlp_ffl seed1: psnr=70.03 (282s)
exp1_1d pemlp_sobolev seed1: psnr=70.56 (300s)
exp1_1d pemlp_kacrice seed1: psnr=69.90 (322s)
exp1_1d siren_mse seed1: psnr=94.46 (179s)
exp1_1d finer_mse seed1: psnr=65.00 (186s)
exp1_1d pemlp_mse seed2: psnr=70.75 (139s)
exp1_1d pemlp_ffl seed2: psnr=69.63 (270s)
exp1_1d pemlp_sobolev seed2: psnr=70.59 (282s)
exp1_1d pemlp_kacrice seed2: psnr=70.62 (295s)
exp1_1d siren_mse seed2: psnr=92.24 (200s)
exp1_1d finer_mse seed2: psnr=72.08 (227s)
exp2_1d mse seed0: psnr=27.48 (106s)
exp2_1d ffl_interp seed0: psnr=29.27 (187s)
exp2_1d sobolev_est seed0: psnr=28.33 (162s)
exp2_1d kacrice_est seed0: psnr=28.35 (170s)
exp2_1d mse seed1: psnr=30.33 (81s)
exp2_1d ffl_interp seed1: psnr=28.16 (159s)
exp2_1d sobolev_est seed1: psnr=28.83 (143s)
exp2_1d kacrice_est seed1: psnr=29.97 (146s)
exp2_1d mse seed2: psnr=26.34 (110s)
exp2_1d ffl_interp seed2: psnr=28.51 (214s)
exp2_1d sobolev_est seed2: psnr=27.40 (142s)
exp2_1d kacrice_est seed2: psnr=26.77 (232s)
exp1_2d camera pemlp_mse seed0: psnr=41.87 (1199s)
exp1_2d camera pemlp_ffl seed0: psnr=38.58 (2436s)
exp1_2d camera pemlp_sobolev seed0: psnr=29.22 (2468s)
