device=cpu threads=4 seeds=[0, 1, 2] iters=3000/2000/1000
exp2_2d camera blobs mse seed0: psnr=18.89 hf=22.76 (375s)
exp2_2d camera blobs ffl_interp seed0: psnr=21.47 hf=25.00 (1296s)
exp2_2d camera blobs sobolev_est seed0: psnr=21.51 hf=25.03 (833s)
exp2_2d camera blobs kacrice_est seed0: psnr=21.18 hf=24.76 (836s)
exp2_2d camera blobs sobolev_oracle seed0: psnr=21.57 hf=25.20 (827s)
exp2_2d camera blobs kacrice_oracle seed0: psnr=20.94 hf=24.54 (820s)
exp2_2d camera blobs siren_mse seed0: psnr=20.08 hf=23.89 (396s)
exp2_2d camera blobs siren_kacrice_est seed0: psnr=21.45 hf=25.14 (966s)
exp2_2d camera blobs mse seed1: psnr=18.73 hf=22.77 (498s)
exp2_2d camera blobs ffl_interp seed1: psnr=21.62 hf=24.95 (1580s)
exp2_2d camera blobs sobolev_est seed1: psnr=21.45 hf=24.99 (1156s)
exp2_2d camera blobs kacrice_est seed1: psnr=20.91 hf=24.60 (1120s)
exp2_2d camera blobs sobolev_oracle seed1: psnr=21.76 hf=25.37 (1120s)
exp2_2d camera blobs kacrice_oracle seed1: psnr=20.59 hf=24.40 (1046s)
exp2_2d camera blobs siren_mse seed1: psnr=20.35 hf=24.18 (496s)
exp2_2d camera blobs siren_kacrice_est seed1: psnr=21.68 hf=25.21 (1205s)
exp2_2d camera blobs mse seed2: psnr=19.02 hf=22.73 (609s)
exp2_2d camera blobs ffl_interp seed2: psnr=21.76 hf=25.07 (2045s)
exp2_2d camera blobs sobolev_est seed2: psnr=21.80 hf=25.20 (1462s)
exp2_2d camera blobs kacrice_est seed2: psnr=21.33 hf=24.76 (1492s)
exp2_2d camera blobs sobolev_oracle seed2: psnr=22.07 hf=25.51 (1548s)
exp2_2d camera blobs kacrice_oracle seed2: psnr=21.04 hf=24.57 (1522s)
exp2_2d camera blobs siren_mse seed2: psnr=19.88 hf=23.84 (554s)
exp2_2d camera blobs siren_kacrice_est seed2: psnr=21.64 hf=25.08 (1269s)
ALL DONE in 418.1 min
