device=cpu threads=4 seeds=[0, 1, 2] iters=3000/2000/1000
exp2_2d camera ramp mse seed0: psnr=19.84 hf=22.97 (305s)
exp2_2d camera ramp ffl_interp seed0: psnr=22.46 hf=25.30 (1062s)
exp2_2d camera ramp sobolev_est seed0: psnr=22.64 hf=25.53 (636s)
exp2_2d camera ramp kacrice_est seed0: psnr=22.31 hf=25.28 (665s)
exp2_2d camera ramp mse seed1: psnr=19.74 hf=22.90 (298s)
exp2_2d camera ramp ffl_interp seed1: psnr=22.35 hf=25.21 (1041s)
exp2_2d camera ramp sobolev_est seed1: psnr=22.79 hf=25.65 (667s)
exp2_2d camera ramp kacrice_est seed1: psnr=22.12 hf=25.09 (644s)
exp2_2d camera ramp mse seed2: psnr=19.62 hf=22.80 (296s)
exp2_2d camera ramp ffl_interp seed2: psnr=22.64 hf=25.42 (1213s)
exp2_2d camera ramp sobolev_est seed2: psnr=22.79 hf=25.58 (759s)
exp2_2d camera ramp kacrice_est seed2: psnr=22.49 hf=25.38 (795s)
exp2_2d camera uniform mse seed0: psnr=20.27 hf=23.26 (379s)
exp2_2d camera uniform ffl_interp seed0: psnr=22.68 hf=25.43 (1343s)
exp2_2d camera uniform sobolev_est seed0: psnr=22.94 hf=25.70 (849s)
exp2_2d camera uniform kacrice_est seed0: psnr=22.72 hf=25.52 (877s)
exp2_2d camera uniform mse seed1: psnr=20.11 hf=23.17 (394s)
exp2_2d camera uniform ffl_interp seed1: psnr=22.63 hf=25.37 (1130s)
exp2_2d camera uniform sobolev_est seed1: psnr=22.99 hf=25.74 (706s)
exp2_2d camera uniform kacrice_est seed1: psnr=22.50 hf=25.35 (1484s)
exp2_2d camera uniform mse seed2: psnr=20.14 hf=23.13 (691s)
exp2_2d camera uniform ffl_interp seed2: psnr=22.87 hf=25.57 (2264s)
exp2_2d camera uniform sobolev_est seed2: psnr=23.13 hf=25.82 (1795s)
exp2_2d camera uniform kacrice_est seed2: psnr=22.36 hf=25.22 (2065s)
exp2_2d synthetic blobs mse seed0: psnr=25.59 hf=20.46 (767s)
exp2_2d synthetic blobs ffl_interp seed0: psnr=26.57 hf=21.43 (1602s)
exp2_2d synthetic blobs sobolev_est seed0: psnr=27.26 hf=21.96 (1440s)
exp2_2d synthetic blobs kacrice_est seed0: psnr=27.23 hf=22.07 (1781s)
exp2_2d synthetic blobs mse seed1: psnr=25.26 hf=20.21 (381s)
exp2_2d synthetic blobs ffl_interp seed1: psnr=26.78 hf=21.68 (1295s)
exp2_2d synthetic blobs sobolev_est seed1: psnr=27.46 hf=22.23 (754s)
exp2_2d synthetic blobs kacrice_est seed1: psnr=27.58 hf=22.31 (575s)
exp2_2d synthetic blobs mse seed2: psnr=23.59 hf=18.66 (272s)
exp2_2d synthetic blobs ffl_interp seed2: psnr=26.40 hf=21.79 (899s)
