device=cpu threads=4 seeds=[0, 1, 2] iters=3000/2000/1000
exp2_2d camera blobs mse seed0: skip (done)
exp2_2d camera blobs ffl_interp seed0: skip (done)
exp2_2d camera blobs sobolev_est seed0: skip (done)
exp2_2d camera blobs kacrice_est seed0: skip (done)
exp2_2d camera blobs sobolev_oracle seed0: skip (done)
exp2_2d camera blobs kacrice_oracle seed0: skip (done)
exp2_2d camera blobs siren_mse seed0: skip (done)
exp2_2d camera blobs siren_kacrice_est seed0: skip (done)
exp2_2d camera blobs siren_ffl_interp seed0: psnr=21.77 hf=25.39 (2435s)
exp2_2d camera blobs siren_sobolev_est seed0: psnr=21.59 hf=25.14 (929s)
exp2_2d camera blobs mse seed1: skip (done)
exp2_2d camera blobs ffl_interp seed1: skip (done)
exp2_2d camera blobs sobolev_est seed1: skip (done)
exp2_2d camera blobs kacrice_est seed1: skip (done)
exp2_2d camera blobs sobolev_oracle seed1: skip (done)
exp2_2d camera blobs kacrice_oracle seed1: skip (done)
exp2_2d camera blobs siren_mse seed1: skip (done)
exp2_2d camera blobs siren_kacrice_est seed1: skip (done)
exp2_2d camera blobs siren_ffl_interp seed1: psnr=21.96 hf=25.34 (1324s)
exp2_2d camera blobs siren_sobolev_est seed1: psnr=21.61 hf=25.11 (755s)
exp2_2d camera blobs mse seed2: skip (done)
exp2_2d camera blobs ffl_interp seed2: skip (done)
exp2_2d camera blobs sobolev_est seed2: skip (done)
exp2_2d camera blobs kacrice_est seed2: skip (done)
exp2_2d camera blobs sobolev_oracle seed2: skip (done)
exp2_2d camera blobs kacrice_oracle seed2: skip (done)
exp2_2d camera blobs siren_mse seed2: skip (done)
exp2_2d camera blobs siren_kacrice_est seed2: skip (done)
exp2_2d camera blobs siren_ffl_interp seed2: psnr=22.02 hf=25.41 (938s)
exp2_2d camera blobs siren_sobolev_est seed2: psnr=21.30 hf=24.93 (648s)
ALL DONE in 117.3 min
